Sun Dec 30 06:35:44 2018 INFO Welcome to we-client
Sun Dec 30 06:35:48 2018 FATAL -1 - ./we-client.lua:433: Cannot assign requested address
stack traceback:
	./we-client.lua:625: in local 'Run'
	./we-client.lua:632: in main chunk
	[C]: in ?
Sun Dec 30 06:35:48 2018 ERROR Restarting services. Check yer logs.
Sun Dec 30 06:35:48 2018 INFO Welcome to we-client
Sun Dec 30 06:35:53 2018 FATAL -1 - ./we-client.lua:433: Cannot assign requested address
stack traceback:
	./we-client.lua:625: in local 'Run'
	./we-client.lua:632: in main chunk
	[C]: in ?
Sun Dec 30 06:35:53 2018 ERROR Restarting services. Check yer logs.
Sun Dec 30 06:35:53 2018 INFO Welcome to we-client
Sun Dec 30 06:35:54 2018 FATAL -1 - ./we-client.lua:433: Cannot assign requested address
stack traceback:
	./we-client.lua:625: in local 'Run'
	./we-client.lua:632: in main chunk
	[C]: in ?
Sun Dec 30 06:35:54 2018 ERROR Restarting services. Check yer logs.
Sun Dec 30 06:35:54 2018 INFO Welcome to we-client
Sun Dec 30 06:35:56 2018 FATAL -1 - ./we-client.lua:433: Cannot assign requested address
stack traceback:
	./we-client.lua:625: in local 'Run'
	./we-client.lua:632: in main chunk
	[C]: in ?
Sun Dec 30 06:35:56 2018 ERROR Restarting services. Check yer logs.
Sun Dec 30 06:35:56 2018 INFO Welcome to we-client
Sun Dec 30 06:35:58 2018 FATAL -1 - ./we-client.lua:433: Cannot assign requested address
stack traceback:
	./we-client.lua:625: in local 'Run'
	./we-client.lua:632: in main chunk
	[C]: in ?
Sun Dec 30 06:35:58 2018 ERROR Restarting services. Check yer logs.
Sun Dec 30 06:35:58 2018 INFO Welcome to we-client
Sun Dec 30 06:35:59 2018 FATAL -1 - ./we-client.lua:433: Cannot assign requested address
stack traceback:
	./we-client.lua:625: in local 'Run'
	./we-client.lua:632: in main chunk
	[C]: in ?
Sun Dec 30 06:35:59 2018 ERROR Restarting services. Check yer logs.
Sun Dec 30 06:35:59 2018 INFO Welcome to we-client
Sun Dec 30 06:36:00 2018 FATAL -1 - ./we-client.lua:433: Cannot assign requested address
stack traceback:
	./we-client.lua:625: in local 'Run'
	./we-client.lua:632: in main chunk
	[C]: in ?
Sun Dec 30 06:36:00 2018 ERROR Restarting services. Check yer logs.
Sun Dec 30 06:36:00 2018 INFO Welcome to we-client
Sun Dec 30 06:36:02 2018 FATAL -1 - ./we-client.lua:433: Cannot assign requested address
stack traceback:
	./we-client.lua:625: in local 'Run'
	./we-client.lua:632: in main chunk
	[C]: in ?
Sun Dec 30 06:36:02 2018 ERROR Restarting services. Check yer logs.
Sun Dec 30 06:36:02 2018 INFO Welcome to we-client
Sun Dec 30 06:36:03 2018 FATAL -1 - ./we-client.lua:433: Cannot assign requested address
stack traceback:
	./we-client.lua:625: in local 'Run'
	./we-client.lua:632: in main chunk
	[C]: in ?
Sun Dec 30 06:36:03 2018 ERROR Restarting services. Check yer logs.
Sun Dec 30 06:36:03 2018 INFO Welcome to we-client
Sun Dec 30 06:36:05 2018 FATAL -1 - ./we-client.lua:433: Cannot assign requested address
stack traceback:
	./we-client.lua:625: in local 'Run'
	./we-client.lua:632: in main chunk
	[C]: in ?
Sun Dec 30 06:36:05 2018 ERROR Restarting services. Check yer logs.
Sun Dec 30 06:36:05 2018 INFO Welcome to we-client
Sun Dec 30 06:36:10 2018 FATAL -1 - ./we-client.lua:433: Cannot assign requested address
stack traceback:
	./we-client.lua:625: in local 'Run'
	./we-client.lua:632: in main chunk
	[C]: in ?
Sun Dec 30 06:36:10 2018 ERROR Restarting services. Check yer logs.
Sun Dec 30 06:36:10 2018 INFO Welcome to we-client
Sun Dec 30 06:39:04 2018 INFO Welcome to we-client
Sun Dec 30 06:39:05 2018 INFO Now listening on 2 port 8086

Sun Dec 30 06:42:54 2018 INFO Welcome to we-client
Sun Dec 30 06:42:58 2018 INFO Now listening on 2 port 8086

Mon Dec 31 04:52:12 2018 INFO Welcome to we-client
Mon Dec 31 04:52:14 2018 INFO Now listening on 2 port 8086

Mon Dec 31 05:06:29 2018 INFO Welcome to we-client
Mon Dec 31 05:06:33 2018 INFO Now listening on 2 port 8086

Mon Dec 31 05:06:37 2018 ERROR ./lua_modules/share/lua/5.3/http/server.lua:178: wrap: starttls: error:1408F09C:SSL routines:ssl3_get_record:http request
Mon Dec 31 05:06:37 2018 ERROR Restarting services. Check yer logs.
Mon Dec 31 05:06:37 2018 INFO Welcome to we-client
Mon Dec 31 05:06:39 2018 FATAL -1 - ./we-client.lua:433: Address already in use
stack traceback:
	./we-client.lua:626: in local 'Run'
	./we-client.lua:633: in main chunk
	[C]: in ?
Mon Dec 31 05:06:39 2018 ERROR Restarting services. Check yer logs.
Mon Dec 31 05:06:39 2018 INFO Welcome to we-client
Mon Dec 31 05:06:40 2018 FATAL -1 - ./we-client.lua:433: Address already in use
stack traceback:
	./we-client.lua:626: in local 'Run'
	./we-client.lua:633: in main chunk
	[C]: in ?
Mon Dec 31 05:06:40 2018 ERROR Restarting services. Check yer logs.
Mon Dec 31 05:06:40 2018 INFO Welcome to we-client
Mon Dec 31 05:06:41 2018 FATAL -1 - ./we-client.lua:433: Address already in use
stack traceback:
	./we-client.lua:626: in local 'Run'
	./we-client.lua:633: in main chunk
	[C]: in ?
Mon Dec 31 05:06:41 2018 ERROR Restarting services. Check yer logs.
Mon Dec 31 05:06:41 2018 INFO Welcome to we-client
Mon Dec 31 05:06:45 2018 FATAL -1 - ./we-client.lua:433: Address already in use
stack traceback:
	./we-client.lua:626: in local 'Run'
	./we-client.lua:633: in main chunk
	[C]: in ?
Mon Dec 31 05:06:45 2018 ERROR Restarting services. Check yer logs.
Mon Dec 31 05:06:45 2018 INFO Welcome to we-client
Mon Dec 31 05:06:52 2018 FATAL -1 - ./we-client.lua:433: Address already in use
stack traceback:
	./we-client.lua:626: in local 'Run'
	./we-client.lua:633: in main chunk
	[C]: in ?
Mon Dec 31 05:06:52 2018 ERROR Restarting services. Check yer logs.
Mon Dec 31 05:06:52 2018 INFO Welcome to we-client
Mon Dec 31 05:06:57 2018 FATAL -1 - ./we-client.lua:433: Address already in use
stack traceback:
	./we-client.lua:626: in local 'Run'
	./we-client.lua:633: in main chunk
	[C]: in ?
Mon Dec 31 05:06:57 2018 ERROR Restarting services. Check yer logs.
Mon Dec 31 05:06:57 2018 INFO Welcome to we-client
Mon Dec 31 05:06:59 2018 FATAL -1 - ./we-client.lua:433: Address already in use
stack traceback:
	./we-client.lua:626: in local 'Run'
	./we-client.lua:633: in main chunk
	[C]: in ?
Mon Dec 31 05:06:59 2018 ERROR Restarting services. Check yer logs.
Mon Dec 31 05:06:59 2018 INFO Welcome to we-client
Mon Dec 31 05:07:01 2018 FATAL -1 - ./we-client.lua:433: Address already in use
stack traceback:
	./we-client.lua:626: in local 'Run'
	./we-client.lua:633: in main chunk
	[C]: in ?
Mon Dec 31 05:07:01 2018 ERROR Restarting services. Check yer logs.
Mon Dec 31 05:07:01 2018 INFO Welcome to we-client
Mon Dec 31 05:07:02 2018 FATAL -1 - ./we-client.lua:433: Address already in use
stack traceback:
	./we-client.lua:626: in local 'Run'
	./we-client.lua:633: in main chunk
	[C]: in ?
Mon Dec 31 05:07:02 2018 ERROR Restarting services. Check yer logs.
Mon Dec 31 05:07:02 2018 INFO Welcome to we-client
Mon Dec 31 05:07:03 2018 FATAL -1 - ./we-client.lua:433: Address already in use
stack traceback:
	./we-client.lua:626: in local 'Run'
	./we-client.lua:633: in main chunk
	[C]: in ?
Mon Dec 31 05:07:03 2018 ERROR Restarting services. Check yer logs.
Mon Dec 31 05:07:03 2018 INFO Welcome to we-client
Mon Dec 31 05:07:33 2018 INFO Welcome to we-client
Mon Dec 31 05:07:34 2018 INFO Now listening on 2 port 8086

Mon Dec 31 05:07:43 2018 ERROR ./lua_modules/share/lua/5.3/http/server.lua:178: wrap: starttls: error:1408F09C:SSL routines:ssl3_get_record:http request
Mon Dec 31 05:07:43 2018 ERROR Restarting services. Check yer logs.
Mon Dec 31 05:07:43 2018 INFO Welcome to we-client
Mon Dec 31 05:07:44 2018 FATAL -1 - ./we-client.lua:433: Address already in use
stack traceback:
	./we-client.lua:626: in local 'Run'
	./we-client.lua:633: in main chunk
	[C]: in ?
Mon Dec 31 05:07:44 2018 ERROR Restarting services. Check yer logs.
Mon Dec 31 05:07:44 2018 INFO Welcome to we-client
Mon Dec 31 05:07:46 2018 FATAL -1 - ./we-client.lua:433: Address already in use
stack traceback:
	./we-client.lua:626: in local 'Run'
	./we-client.lua:633: in main chunk
	[C]: in ?
Mon Dec 31 05:07:46 2018 ERROR Restarting services. Check yer logs.
Mon Dec 31 05:07:46 2018 INFO Welcome to we-client
Mon Dec 31 05:19:55 2018 INFO Welcome to we-client
Mon Dec 31 05:20:06 2018 INFO Now listening on 2 port 8086

Mon Dec 31 05:34:05 2018 INFO we-client 0.1. Got jar file: minecraft_server.1.13.2.jar
Mon Dec 31 05:34:05 2018 INFO Now listening on 2 port 8086

Mon Dec 31 05:35:40 2018 INFO we-client 0.1. Got jar file: minecraft_server.1.13.2.jar
Mon Dec 31 05:35:47 2018 INFO Now listening on 2 port 8086

Mon Dec 31 05:39:44 2018 INFO we-client 0.1. Got jar file: minecraft_server.1.13.2.jar
Mon Dec 31 05:39:45 2018 INFO Now listening on 2 port 8086

Mon Dec 31 05:43:48 2018 INFO we-client 0.1. Got jar file: minecraft_server.1.13.2.jar
Mon Dec 31 05:43:56 2018 INFO Now listening on 2 port 8086

